2025-11-09 11:09:12 INFO  o.h.validator.internal.util.Version - HV000001: Hibernate Validator 8.0.3.Final
2025-11-09 11:09:12 INFO  c.e.T.TaskManagerApplication - Starting TaskManagerApplication using Java 17.0.15 with PID 20736 (D:\personal projects\taskmanager-v2\target\classes started by rouna in D:\personal projects\taskmanager-v2)
2025-11-09 11:09:12 INFO  c.e.T.TaskManagerApplication - No active profile set, falling back to 1 default profile: "default"
2025-11-09 11:09:13 INFO  o.s.b.d.e.DevToolsPropertyDefaultsPostProcessor - Devtools property defaults active! Set 'spring.devtools.add-properties' to 'false' to disable
2025-11-09 11:09:13 INFO  o.s.b.d.e.DevToolsPropertyDefaultsPostProcessor - For additional web related logging consider setting the 'logging.level.web' property to 'DEBUG'
2025-11-09 11:09:15 INFO  o.s.d.r.c.RepositoryConfigurationDelegate - Bootstrapping Spring Data JPA repositories in DEFAULT mode.
2025-11-09 11:09:16 INFO  o.s.d.r.c.RepositoryConfigurationDelegate - Finished Spring Data repository scanning in 135 ms. Found 1 JPA repository interface.
2025-11-09 11:09:18 INFO  o.s.b.w.e.tomcat.TomcatWebServer - Tomcat initialized with port 8080 (http)
2025-11-09 11:09:18 INFO  o.a.coyote.http11.Http11NioProtocol - Initializing ProtocolHandler ["http-nio-8080"]
2025-11-09 11:09:18 INFO  o.a.catalina.core.StandardService - Starting service [Tomcat]
2025-11-09 11:09:18 INFO  o.a.catalina.core.StandardEngine - Starting Servlet engine: [Apache Tomcat/10.1.48]
2025-11-09 11:09:18 INFO  o.a.c.c.C.[Tomcat].[localhost].[/] - Initializing Spring embedded WebApplicationContext
2025-11-09 11:09:18 INFO  o.s.b.w.s.c.ServletWebServerApplicationContext - Root WebApplicationContext: initialization completed in 5123 ms
2025-11-09 11:09:18 INFO  o.h.jpa.internal.util.LogHelper - HHH000204: Processing PersistenceUnitInfo [name: default]
2025-11-09 11:09:19 INFO  org.hibernate.Version - HHH000412: Hibernate ORM core version 6.6.33.Final
2025-11-09 11:09:19 INFO  o.h.c.i.RegionFactoryInitiator - HHH000026: Second-level cache disabled
2025-11-09 11:09:20 INFO  o.s.o.j.p.SpringPersistenceUnitInfo - No LoadTimeWeaver setup: ignoring JPA class transformer
2025-11-09 11:09:20 INFO  com.zaxxer.hikari.HikariDataSource - HikariPool-1 - Starting...
2025-11-09 11:09:20 INFO  com.zaxxer.hikari.pool.HikariPool - HikariPool-1 - Added connection conn0: url=jdbc:h2:mem:tasks user=ROOT
2025-11-09 11:09:20 INFO  com.zaxxer.hikari.HikariDataSource - HikariPool-1 - Start completed.
2025-11-09 11:09:20 INFO  o.hibernate.orm.connections.pooling - HHH10001005: Database info:
	Database JDBC URL [Connecting through datasource 'HikariDataSource (HikariPool-1)']
	Database driver: undefined/unknown
	Database version: 2.3.232
	Autocommit mode: undefined/unknown
	Isolation level: undefined/unknown
	Minimum pool size: undefined/unknown
	Maximum pool size: undefined/unknown
2025-11-09 11:09:23 INFO  o.h.e.t.j.p.i.JtaPlatformInitiator - HHH000489: No JTA platform available (set 'hibernate.transaction.jta.platform' to enable JTA platform integration)
2025-11-09 11:09:23 INFO  o.s.o.j.LocalContainerEntityManagerFactoryBean - Initialized JPA EntityManagerFactory for persistence unit 'default'
2025-11-09 11:09:24 WARN  o.s.b.a.o.j.JpaBaseConfiguration$JpaWebConfiguration - spring.jpa.open-in-view is enabled by default. Therefore, database queries may be performed during view rendering. Explicitly configure spring.jpa.open-in-view to disable this warning
2025-11-09 11:09:26 INFO  o.s.b.a.h.H2ConsoleAutoConfiguration - H2 console available at '/h2-console'. Database available at 'jdbc:h2:mem:tasks'
2025-11-09 11:09:26 INFO  o.s.b.a.e.web.EndpointLinksResolver - Exposing 1 endpoint beneath base path '/actuator'
2025-11-09 11:09:26 INFO  o.s.b.d.a.OptionalLiveReloadServer - LiveReload server is running on port 35729
2025-11-09 11:09:26 INFO  o.a.coyote.http11.Http11NioProtocol - Starting ProtocolHandler ["http-nio-8080"]
2025-11-09 11:09:26 WARN  o.s.b.w.s.c.AnnotationConfigServletWebServerApplicationContext - Exception encountered during context initialization - cancelling refresh attempt: org.springframework.context.ApplicationContextException: Failed to start bean 'webServerStartStop'
2025-11-09 11:09:26 INFO  o.s.o.j.LocalContainerEntityManagerFactoryBean - Closing JPA EntityManagerFactory for persistence unit 'default'
2025-11-09 11:09:26 WARN  o.s.b.f.s.DisposableBeanAdapter - Invocation of destroy method failed on bean with name 'inMemoryDatabaseShutdownExecutor': org.h2.jdbc.JdbcSQLNonTransientConnectionException: Database is already closed (to disable automatic closing at VM shutdown, add ";DB_CLOSE_ON_EXIT=FALSE" to the db URL) [90121-232]
2025-11-09 11:09:26 INFO  com.zaxxer.hikari.HikariDataSource - HikariPool-1 - Shutdown initiated...
2025-11-09 11:09:26 INFO  com.zaxxer.hikari.HikariDataSource - HikariPool-1 - Shutdown completed.
2025-11-09 11:09:26 INFO  o.s.b.a.l.ConditionEvaluationReportLogger - 

Error starting ApplicationContext. To display the condition evaluation report re-run your application with 'debug' enabled.
2025-11-09 11:09:26 ERROR o.s.b.d.LoggingFailureAnalysisReporter - 

***************************
APPLICATION FAILED TO START
***************************

Description:

Web server failed to start. Port 8080 was already in use.

Action:

Identify and stop the process that's listening on port 8080 or configure this application to listen on another port.

2025-11-09 11:13:43 INFO  o.h.validator.internal.util.Version - HV000001: Hibernate Validator 8.0.3.Final
2025-11-09 11:13:43 INFO  c.e.T.TaskManagerApplication - Starting TaskManagerApplication using Java 17.0.15 with PID 27504 (D:\personal projects\taskmanager-v2\target\classes started by rouna in D:\personal projects\taskmanager-v2)
2025-11-09 11:13:43 INFO  c.e.T.TaskManagerApplication - No active profile set, falling back to 1 default profile: "default"
2025-11-09 11:13:44 INFO  o.s.b.d.e.DevToolsPropertyDefaultsPostProcessor - Devtools property defaults active! Set 'spring.devtools.add-properties' to 'false' to disable
2025-11-09 11:13:44 INFO  o.s.b.d.e.DevToolsPropertyDefaultsPostProcessor - For additional web related logging consider setting the 'logging.level.web' property to 'DEBUG'
2025-11-09 11:13:47 INFO  o.s.d.r.c.RepositoryConfigurationDelegate - Bootstrapping Spring Data JPA repositories in DEFAULT mode.
2025-11-09 11:13:47 INFO  o.s.d.r.c.RepositoryConfigurationDelegate - Finished Spring Data repository scanning in 121 ms. Found 1 JPA repository interface.
2025-11-09 11:13:48 INFO  o.s.b.w.e.tomcat.TomcatWebServer - Tomcat initialized with port 8080 (http)
2025-11-09 11:13:48 INFO  o.a.coyote.http11.Http11NioProtocol - Initializing ProtocolHandler ["http-nio-8080"]
2025-11-09 11:13:48 INFO  o.a.catalina.core.StandardService - Starting service [Tomcat]
2025-11-09 11:13:48 INFO  o.a.catalina.core.StandardEngine - Starting Servlet engine: [Apache Tomcat/10.1.48]
2025-11-09 11:13:48 INFO  o.a.c.c.C.[Tomcat].[localhost].[/] - Initializing Spring embedded WebApplicationContext
2025-11-09 11:13:48 INFO  o.s.b.w.s.c.ServletWebServerApplicationContext - Root WebApplicationContext: initialization completed in 4746 ms
2025-11-09 11:13:49 INFO  o.h.jpa.internal.util.LogHelper - HHH000204: Processing PersistenceUnitInfo [name: default]
2025-11-09 11:13:49 INFO  org.hibernate.Version - HHH000412: Hibernate ORM core version 6.6.33.Final
2025-11-09 11:13:49 INFO  o.h.c.i.RegionFactoryInitiator - HHH000026: Second-level cache disabled
2025-11-09 11:13:50 INFO  o.s.o.j.p.SpringPersistenceUnitInfo - No LoadTimeWeaver setup: ignoring JPA class transformer
2025-11-09 11:13:50 INFO  com.zaxxer.hikari.HikariDataSource - HikariPool-1 - Starting...
2025-11-09 11:13:51 INFO  com.zaxxer.hikari.pool.HikariPool - HikariPool-1 - Added connection conn0: url=jdbc:h2:mem:tasks user=ROOT
2025-11-09 11:13:51 INFO  com.zaxxer.hikari.HikariDataSource - HikariPool-1 - Start completed.
2025-11-09 11:13:51 INFO  o.hibernate.orm.connections.pooling - HHH10001005: Database info:
	Database JDBC URL [Connecting through datasource 'HikariDataSource (HikariPool-1)']
	Database driver: undefined/unknown
	Database version: 2.3.232
	Autocommit mode: undefined/unknown
	Isolation level: undefined/unknown
	Minimum pool size: undefined/unknown
	Maximum pool size: undefined/unknown
2025-11-09 11:13:53 INFO  o.h.e.t.j.p.i.JtaPlatformInitiator - HHH000489: No JTA platform available (set 'hibernate.transaction.jta.platform' to enable JTA platform integration)
2025-11-09 11:13:53 INFO  o.s.o.j.LocalContainerEntityManagerFactoryBean - Initialized JPA EntityManagerFactory for persistence unit 'default'
2025-11-09 11:13:54 WARN  o.s.b.a.o.j.JpaBaseConfiguration$JpaWebConfiguration - spring.jpa.open-in-view is enabled by default. Therefore, database queries may be performed during view rendering. Explicitly configure spring.jpa.open-in-view to disable this warning
2025-11-09 11:13:56 INFO  o.s.b.a.h.H2ConsoleAutoConfiguration - H2 console available at '/h2-console'. Database available at 'jdbc:h2:mem:tasks'
2025-11-09 11:13:56 INFO  o.s.b.a.e.web.EndpointLinksResolver - Exposing 1 endpoint beneath base path '/actuator'
2025-11-09 11:13:56 INFO  o.s.b.d.a.OptionalLiveReloadServer - LiveReload server is running on port 35729
2025-11-09 11:13:56 INFO  o.a.coyote.http11.Http11NioProtocol - Starting ProtocolHandler ["http-nio-8080"]
2025-11-09 11:13:57 INFO  o.s.b.w.e.tomcat.TomcatWebServer - Tomcat started on port 8080 (http) with context path '/'
2025-11-09 11:13:57 INFO  c.e.T.TaskManagerApplication - Started TaskManagerApplication in 15.161 seconds (process running for 16.665)
2025-11-09 11:13:57 INFO  c.e.T.scheduler.TaskStatusScheduler - Scheduler Running for checking tasks to update status!!
2025-11-09 11:13:57 INFO  c.e.T.scheduler.TaskStatusScheduler - Found Pending Tasks 0: 
2025-11-09 11:13:57 INFO  c.e.T.scheduler.TaskStatusScheduler - Task status update process successful!!
2025-11-09 11:14:07 INFO  c.e.T.scheduler.TaskStatusScheduler - Scheduler Running for checking tasks to update status!!
2025-11-09 11:14:07 INFO  c.e.T.scheduler.TaskStatusScheduler - Found Pending Tasks 0: 
2025-11-09 11:14:07 INFO  c.e.T.scheduler.TaskStatusScheduler - Task status update process successful!!
2025-11-09 11:14:17 INFO  c.e.T.scheduler.TaskStatusScheduler - Scheduler Running for checking tasks to update status!!
2025-11-09 11:14:17 INFO  c.e.T.scheduler.TaskStatusScheduler - Found Pending Tasks 0: 
2025-11-09 11:14:17 INFO  c.e.T.scheduler.TaskStatusScheduler - Task status update process successful!!
2025-11-09 11:14:27 INFO  c.e.T.scheduler.TaskStatusScheduler - Scheduler Running for checking tasks to update status!!
2025-11-09 11:14:27 INFO  c.e.T.scheduler.TaskStatusScheduler - Found Pending Tasks 0: 
2025-11-09 11:14:27 INFO  c.e.T.scheduler.TaskStatusScheduler - Task status update process successful!!
2025-11-09 11:14:27 INFO  o.a.c.c.C.[Tomcat].[localhost].[/] - Initializing Spring DispatcherServlet 'dispatcherServlet'
2025-11-09 11:14:27 INFO  o.s.web.servlet.DispatcherServlet - Initializing Servlet 'dispatcherServlet'
2025-11-09 11:14:27 INFO  o.s.web.servlet.DispatcherServlet - Completed initialization in 121 ms
2025-11-09 11:14:28 WARN  o.a.c.util.SessionIdGeneratorBase - Creation of SecureRandom instance for session ID generation using [SHA1PRNG] took [447] milliseconds.
2025-11-09 11:14:37 INFO  c.e.T.scheduler.TaskStatusScheduler - Scheduler Running for checking tasks to update status!!
2025-11-09 11:14:37 INFO  c.e.T.scheduler.TaskStatusScheduler - Found Pending Tasks 0: 
2025-11-09 11:14:37 INFO  c.e.T.scheduler.TaskStatusScheduler - Task status update process successful!!
2025-11-09 11:14:47 INFO  c.e.T.scheduler.TaskStatusScheduler - Scheduler Running for checking tasks to update status!!
2025-11-09 11:14:47 INFO  c.e.T.scheduler.TaskStatusScheduler - Found Pending Tasks 0: 
2025-11-09 11:14:47 INFO  c.e.T.scheduler.TaskStatusScheduler - Task status update process successful!!
2025-11-09 11:14:57 INFO  c.e.T.scheduler.TaskStatusScheduler - Scheduler Running for checking tasks to update status!!
2025-11-09 11:14:57 INFO  c.e.T.scheduler.TaskStatusScheduler - Found Pending Tasks 0: 
2025-11-09 11:14:57 INFO  c.e.T.scheduler.TaskStatusScheduler - Task status update process successful!!
2025-11-09 11:15:07 INFO  c.e.T.scheduler.TaskStatusScheduler - Scheduler Running for checking tasks to update status!!
2025-11-09 11:15:07 INFO  c.e.T.scheduler.TaskStatusScheduler - Found Pending Tasks 0: 
2025-11-09 11:15:07 INFO  c.e.T.scheduler.TaskStatusScheduler - Task status update process successful!!
2025-11-09 11:15:17 INFO  c.e.T.scheduler.TaskStatusScheduler - Scheduler Running for checking tasks to update status!!
2025-11-09 11:15:17 INFO  c.e.T.scheduler.TaskStatusScheduler - Found Pending Tasks 0: 
2025-11-09 11:15:17 INFO  c.e.T.scheduler.TaskStatusScheduler - Task status update process successful!!
2025-11-09 11:15:27 INFO  c.e.T.scheduler.TaskStatusScheduler - Scheduler Running for checking tasks to update status!!
2025-11-09 11:15:27 INFO  c.e.T.scheduler.TaskStatusScheduler - Found Pending Tasks 0: 
2025-11-09 11:15:27 INFO  c.e.T.scheduler.TaskStatusScheduler - Task status update process successful!!
2025-11-09 11:15:37 INFO  c.e.T.scheduler.TaskStatusScheduler - Scheduler Running for checking tasks to update status!!
2025-11-09 11:15:37 INFO  c.e.T.scheduler.TaskStatusScheduler - Found Pending Tasks 0: 
2025-11-09 11:15:37 INFO  c.e.T.scheduler.TaskStatusScheduler - Task status update process successful!!
2025-11-09 11:15:47 INFO  c.e.T.scheduler.TaskStatusScheduler - Scheduler Running for checking tasks to update status!!
2025-11-09 11:15:47 INFO  c.e.T.scheduler.TaskStatusScheduler - Found Pending Tasks 0: 
2025-11-09 11:15:47 INFO  c.e.T.scheduler.TaskStatusScheduler - Task status update process successful!!
2025-11-09 11:15:56 INFO  o.s.b.w.e.tomcat.GracefulShutdown - Commencing graceful shutdown. Waiting for active requests to complete
2025-11-09 11:15:56 INFO  o.s.b.w.e.tomcat.GracefulShutdown - Graceful shutdown complete
2025-11-09 11:15:56 INFO  o.s.o.j.LocalContainerEntityManagerFactoryBean - Closing JPA EntityManagerFactory for persistence unit 'default'
2025-11-09 11:15:56 WARN  o.s.b.f.s.DisposableBeanAdapter - Invocation of destroy method failed on bean with name 'inMemoryDatabaseShutdownExecutor': org.h2.jdbc.JdbcSQLNonTransientConnectionException: Database is already closed (to disable automatic closing at VM shutdown, add ";DB_CLOSE_ON_EXIT=FALSE" to the db URL) [90121-232]
2025-11-09 11:15:56 INFO  com.zaxxer.hikari.HikariDataSource - HikariPool-1 - Shutdown initiated...
2025-11-09 11:15:56 INFO  com.zaxxer.hikari.HikariDataSource - HikariPool-1 - Shutdown completed.
